Arguments: 
  C:\Program Files\nodejs\node.exe C:\Users\Bengus\AppData\Roaming\npm\node_modules\yarn\bin\yarn.js add @octokit/webhooks-definitions/schema

PATH: 
  C:\Users\Bengus\bin;C:\Program Files\Git\mingw64\bin;C:\Program Files\Git\usr\local\bin;C:\Program Files\Git\usr\bin;C:\Program Files\Git\usr\bin;C:\Program Files\Git\mingw64\bin;C:\Program Files\Git\usr\bin;C:\Users\Bengus\bin;C:\Program Files (x86)\Common Files\Oracle\Java\javapath;C:\Windows\system32;C:\Windows;C:\Windows\System32\Wbem;C:\Windows\System32\WindowsPowerShell\v1.0;C:\Windows\System32\OpenSSH;C:\Program Files\Git\cmd;C:\Program Files\nodejs;C:\Program Files\NVIDIA Corporation\NVIDIA NvDLISR;C:\Program Files\dotnet;E:\Calibre;C:\Program Files\Docker\Docker\resources\bin;C:\ProgramData\DockerDesktop\version-bin;C:\Program Files\php-8.1.3;C:\ProgramData\ComposerSetup\bin;C:\Program Files\whois;C:\Program Files (x86)\NVIDIA Corporation\PhysX\Common;C:\Program Files\Mullvad VPN\resources;F:\LaTeX\Build\miktex\bin\x64;C:\Strawberry\c\bin;C:\Strawberry\perl\site\bin;C:\Strawberry\perl\bin;C:\Ruby31-x64\bin;C:\Users\Bengus\AppData\Local\Microsoft\WindowsApps;E:\VSCode\Microsoft VS Code\bin;C:\Users\Bengus\.dotnet\tools;C:\Users\Bengus\AppData\Local\GitHubDesktop\bin;C:\Users\Bengus\AppData\Roaming\npm;C:\ffmpeg\bin;C:\Program Files\heroku\bin;C:\Users\Bengus\AppData\Roaming\Composer\vendor\bin;C:\Users\Bengus\AppData\Local\Programs\MiKTeX\miktex\bin\x64;C:\Program Files\Git\usr\bin\vendor_perl;C:\Program Files\Git\usr\bin\core_perl

Yarn version: 
  1.22.17

Node version: 
  16.13.0

Platform: 
  win32 x64

Trace: 
  Error: https://registry.yarnpkg.com/@octokit%2fwebhooks-definitions/schema: Request "https://registry.yarnpkg.com/@octokit%2fwebhooks-definitions/schema" returned a 405
      at Request.params.callback [as _callback] (C:\Users\Bengus\AppData\Roaming\npm\node_modules\yarn\lib\cli.js:67038:18)
      at Request.self.callback (C:\Users\Bengus\AppData\Roaming\npm\node_modules\yarn\lib\cli.js:140883:22)
      at Request.emit (node:events:390:28)
      at Request.<anonymous> (C:\Users\Bengus\AppData\Roaming\npm\node_modules\yarn\lib\cli.js:141855:10)
      at Request.emit (node:events:390:28)
      at IncomingMessage.<anonymous> (C:\Users\Bengus\AppData\Roaming\npm\node_modules\yarn\lib\cli.js:141777:12)
      at Object.onceWrapper (node:events:509:28)
      at IncomingMessage.emit (node:events:402:35)
      at endReadableNT (node:internal/streams/readable:1343:12)
      at processTicksAndRejections (node:internal/process/task_queues:83:21)

npm manifest: 
  {
    "dependencies": {
      "@actions/core": "^1.10.0",
      "@actions/exec": "^1.1.1",
      "@actions/github": "^5.1.1",
      "axios": "^1.2.6"
    },
    "devDependencies": {
      "@types/node": "^18.11.18"
    }
  }

yarn manifest: 
  No manifest

Lockfile: 
  # THIS IS AN AUTOGENERATED FILE. DO NOT EDIT THIS FILE DIRECTLY.
  # yarn lockfile v1
  
  
  "@actions/core@^1.10.0":
    "integrity" "sha512-2aZDDa3zrrZbP5ZYg159sNoLRb61nQ7awl5pSvIq5Qpj81vwDzdMRKzkWJGJuwVvWpvZKx7vspJALyvaaIQyug=="
    "resolved" "https://registry.npmjs.org/@actions/core/-/core-1.10.0.tgz"
    "version" "1.10.0"
    dependencies:
      "@actions/http-client" "^2.0.1"
      "uuid" "^8.3.2"
  
  "@actions/exec@^1.1.1":
    "integrity" "sha512-+sCcHHbVdk93a0XT19ECtO/gIXoxvdsgQLzb2fE2/5sIZmWQuluYyjPQtrtTHdU1YzTZ7bAPN4sITq2xi1679w=="
    "resolved" "https://registry.npmjs.org/@actions/exec/-/exec-1.1.1.tgz"
    "version" "1.1.1"
    dependencies:
      "@actions/io" "^1.0.1"
  
  "@actions/github@^5.1.1":
    "integrity" "sha512-Nk59rMDoJaV+mHCOJPXuvB1zIbomlKS0dmSIqPGxd0enAXBnOfn4VWF+CGtRCwXZG9Epa54tZA7VIRlJDS8A6g=="
    "resolved" "https://registry.npmjs.org/@actions/github/-/github-5.1.1.tgz"
    "version" "5.1.1"
    dependencies:
      "@actions/http-client" "^2.0.1"
      "@octokit/core" "^3.6.0"
      "@octokit/plugin-paginate-rest" "^2.17.0"
      "@octokit/plugin-rest-endpoint-methods" "^5.13.0"
  
  "@actions/http-client@^2.0.1":
    "integrity" "sha512-PIXiMVtz6VvyaRsGY268qvj57hXQEpsYogYOu2nrQhlf+XCGmZstmuZBbAybUl1nQGnvS1k1eEsQ69ZoD7xlSw=="
    "resolved" "https://registry.npmjs.org/@actions/http-client/-/http-client-2.0.1.tgz"
    "version" "2.0.1"
    dependencies:
      "tunnel" "^0.0.6"
  
  "@actions/io@^1.0.1":
    "integrity" "sha512-d+RwPlMp+2qmBfeLYPLXuSRykDIFEwdTA0MMxzS9kh4kvP1ftrc/9fzy6pX6qAjthdXruHQ6/6kjT/DNo5ALuw=="
    "resolved" "https://registry.npmjs.org/@actions/io/-/io-1.1.2.tgz"
    "version" "1.1.2"
  
  "@octokit/auth-token@^2.4.4":
    "integrity" "sha512-r5FVUJCOLl19AxiuZD2VRZ/ORjp/4IN98Of6YJoJOkY75CIBuYfmiNHGrDwXr+aLGG55igl9QrxX3hbiXlLb+g=="
    "resolved" "https://registry.npmjs.org/@octokit/auth-token/-/auth-token-2.5.0.tgz"
    "version" "2.5.0"
    dependencies:
      "@octokit/types" "^6.0.3"
  
  "@octokit/core@^3.6.0", "@octokit/core@>=2", "@octokit/core@>=3":
    "integrity" "sha512-7RKRKuA4xTjMhY+eG3jthb3hlZCsOwg3rztWh75Xc+ShDWOfDDATWbeZpAHBNRpm4Tv9WgBMOy1zEJYXG6NJ7Q=="
    "resolved" "https://registry.npmjs.org/@octokit/core/-/core-3.6.0.tgz"
    "version" "3.6.0"
    dependencies:
      "@octokit/auth-token" "^2.4.4"
      "@octokit/graphql" "^4.5.8"
      "@octokit/request" "^5.6.3"
      "@octokit/request-error" "^2.0.5"
      "@octokit/types" "^6.0.3"
      "before-after-hook" "^2.2.0"
      "universal-user-agent" "^6.0.0"
  
  "@octokit/endpoint@^6.0.1":
    "integrity" "sha512-lF3puPwkQWGfkMClXb4k/eUT/nZKQfxinRWJrdZaJO85Dqwo/G0yOC434Jr2ojwafWJMYqFGFa5ms4jJUgujdA=="
    "resolved" "https://registry.npmjs.org/@octokit/endpoint/-/endpoint-6.0.12.tgz"
    "version" "6.0.12"
    dependencies:
      "@octokit/types" "^6.0.3"
      "is-plain-object" "^5.0.0"
      "universal-user-agent" "^6.0.0"
  
  "@octokit/graphql@^4.5.8":
    "integrity" "sha512-0gv+qLSBLKF0z8TKaSKTsS39scVKF9dbMxJpj3U0vC7wjNWFuIpL/z76Qe2fiuCbDRcJSavkXsVtMS6/dtQQsg=="
    "resolved" "https://registry.npmjs.org/@octokit/graphql/-/graphql-4.8.0.tgz"
    "version" "4.8.0"
    dependencies:
      "@octokit/request" "^5.6.0"
      "@octokit/types" "^6.0.3"
      "universal-user-agent" "^6.0.0"
  
  "@octokit/openapi-types@^12.11.0":
    "integrity" "sha512-VsXyi8peyRq9PqIz/tpqiL2w3w80OgVMwBHltTml3LmVvXiphgeqmY9mvBw9Wu7e0QWk/fqD37ux8yP5uVekyQ=="
    "resolved" "https://registry.npmjs.org/@octokit/openapi-types/-/openapi-types-12.11.0.tgz"
    "version" "12.11.0"
  
  "@octokit/plugin-paginate-rest@^2.17.0":
    "integrity" "sha512-aCZTEf0y2h3OLbrgKkrfFdjRL6eSOo8komneVQJnYecAxIej7Bafor2xhuDJOIFau4pk0i/P28/XgtbyPF0ZHw=="
    "resolved" "https://registry.npmjs.org/@octokit/plugin-paginate-rest/-/plugin-paginate-rest-2.21.3.tgz"
    "version" "2.21.3"
    dependencies:
      "@octokit/types" "^6.40.0"
  
  "@octokit/plugin-rest-endpoint-methods@^5.13.0":
    "integrity" "sha512-8QFz29Fg5jDuTPXVtey05BLm7OB+M8fnvE64RNegzX7U+5NUXcOcnpTIK0YfSHBg8gYd0oxIq3IZTe9SfPZiRw=="
    "resolved" "https://registry.npmjs.org/@octokit/plugin-rest-endpoint-methods/-/plugin-rest-endpoint-methods-5.16.2.tgz"
    "version" "5.16.2"
    dependencies:
      "@octokit/types" "^6.39.0"
      "deprecation" "^2.3.1"
  
  "@octokit/request-error@^2.0.5", "@octokit/request-error@^2.1.0":
    "integrity" "sha512-1VIvgXxs9WHSjicsRwq8PlR2LR2x6DwsJAaFgzdi0JfJoGSO8mYI/cHJQ+9FbN21aa+DrgNLnwObmyeSC8Rmpg=="
    "resolved" "https://registry.npmjs.org/@octokit/request-error/-/request-error-2.1.0.tgz"
    "version" "2.1.0"
    dependencies:
      "@octokit/types" "^6.0.3"
      "deprecation" "^2.0.0"
      "once" "^1.4.0"
  
  "@octokit/request@^5.6.0", "@octokit/request@^5.6.3":
    "integrity" "sha512-bFJl0I1KVc9jYTe9tdGGpAMPy32dLBXXo1dS/YwSCTL/2nd9XeHsY616RE3HPXDVk+a+dBuzyz5YdlXwcDTr2A=="
    "resolved" "https://registry.npmjs.org/@octokit/request/-/request-5.6.3.tgz"
    "version" "5.6.3"
    dependencies:
      "@octokit/endpoint" "^6.0.1"
      "@octokit/request-error" "^2.1.0"
      "@octokit/types" "^6.16.1"
      "is-plain-object" "^5.0.0"
      "node-fetch" "^2.6.7"
      "universal-user-agent" "^6.0.0"
  
  "@octokit/types@^6.0.3", "@octokit/types@^6.16.1", "@octokit/types@^6.39.0", "@octokit/types@^6.40.0":
    "integrity" "sha512-eJ2jbzjdijiL3B4PrSQaSjuF2sPEQPVCPzBvTHJD9Nz+9dw2SGH4K4xeQJ77YfTq5bRQ+bD8wT11JbeDPmxmGg=="
    "resolved" "https://registry.npmjs.org/@octokit/types/-/types-6.41.0.tgz"
    "version" "6.41.0"
    dependencies:
      "@octokit/openapi-types" "^12.11.0"
  
  "@types/node@^18.11.18":
    "integrity" "sha512-DHQpWGjyQKSHj3ebjFI/wRKcqQcdR+MoFBygntYOZytCqNfkd2ZC4ARDJ2DQqhjH5p85Nnd3jhUJIXrszFX/JA=="
    "resolved" "https://registry.npmjs.org/@types/node/-/node-18.11.18.tgz"
    "version" "18.11.18"
  
  "asynckit@^0.4.0":
    "integrity" "sha512-Oei9OH4tRh0YqU3GxhX79dM/mwVgvbZJaSNaRk+bshkj0S5cfHcgYakreBjrHwatXKbz+IoIdYLxrKim2MjW0Q=="
    "resolved" "https://registry.npmjs.org/asynckit/-/asynckit-0.4.0.tgz"
    "version" "0.4.0"
  
  "axios@^1.2.6":
    "integrity" "sha512-rC/7F08XxZwjMV4iuWv+JpD3E0Ksqg9nac4IIg6RwNuF0JTeWoCo/mBNG54+tNhhI11G3/VDRbdDQTs9hGp4pQ=="
    "resolved" "https://registry.npmjs.org/axios/-/axios-1.2.6.tgz"
    "version" "1.2.6"
    dependencies:
      "follow-redirects" "^1.15.0"
      "form-data" "^4.0.0"
      "proxy-from-env" "^1.1.0"
  
  "before-after-hook@^2.2.0":
    "integrity" "sha512-NzUnlZexiaH/46WDhANlyR2bXRopNg4F/zuSA3OpZnllCUgRaOF2znDioDWrmbNVsuZk6l9pMquQB38cfBZwkQ=="
    "resolved" "https://registry.npmjs.org/before-after-hook/-/before-after-hook-2.2.3.tgz"
    "version" "2.2.3"
  
  "combined-stream@^1.0.8":
    "integrity" "sha512-FQN4MRfuJeHf7cBbBMJFXhKSDq+2kAArBlmRBvcvFE5BB1HZKXtSFASDhdlz9zOYwxh8lDdnvmMOe/+5cdoEdg=="
    "resolved" "https://registry.npmjs.org/combined-stream/-/combined-stream-1.0.8.tgz"
    "version" "1.0.8"
    dependencies:
      "delayed-stream" "~1.0.0"
  
  "delayed-stream@~1.0.0":
    "integrity" "sha512-ZySD7Nf91aLB0RxL4KGrKHBXl7Eds1DAmEdcoVawXnLD7SDhpNgtuII2aAkg7a7QS41jxPSZ17p4VdGnMHk3MQ=="
    "resolved" "https://registry.npmjs.org/delayed-stream/-/delayed-stream-1.0.0.tgz"
    "version" "1.0.0"
  
  "deprecation@^2.0.0", "deprecation@^2.3.1":
    "integrity" "sha512-xmHIy4F3scKVwMsQ4WnVaS8bHOx0DmVwRywosKhaILI0ywMDWPtBSku2HNxRvF7jtwDRsoEwYQSfbxj8b7RlJQ=="
    "resolved" "https://registry.npmjs.org/deprecation/-/deprecation-2.3.1.tgz"
    "version" "2.3.1"
  
  "follow-redirects@^1.15.0":
    "integrity" "sha512-VQLG33o04KaQ8uYi2tVNbdrWp1QWxNNea+nmIB4EVM28v0hmP17z7aG1+wAkNzVq4KeXTq3221ye5qTJP91JwA=="
    "resolved" "https://registry.npmjs.org/follow-redirects/-/follow-redirects-1.15.2.tgz"
    "version" "1.15.2"
  
  "form-data@^4.0.0":
    "integrity" "sha512-ETEklSGi5t0QMZuiXoA/Q6vcnxcLQP5vdugSpuAyi6SVGi2clPPp+xgEhuMaHC+zGgn31Kd235W35f7Hykkaww=="
    "resolved" "https://registry.npmjs.org/form-data/-/form-data-4.0.0.tgz"
    "version" "4.0.0"
    dependencies:
      "asynckit" "^0.4.0"
      "combined-stream" "^1.0.8"
      "mime-types" "^2.1.12"
  
  "is-plain-object@^5.0.0":
    "integrity" "sha512-VRSzKkbMm5jMDoKLbltAkFQ5Qr7VDiTFGXxYFXXowVj387GeGNOCsOH6Msy00SGZ3Fp84b1Naa1psqgcCIEP5Q=="
    "resolved" "https://registry.npmjs.org/is-plain-object/-/is-plain-object-5.0.0.tgz"
    "version" "5.0.0"
  
  "mime-db@1.52.0":
    "integrity" "sha512-sPU4uV7dYlvtWJxwwxHD0PuihVNiE7TyAbQ5SWxDCB9mUYvOgroQOwYQQOKPJ8CIbE+1ETVlOoK1UC2nU3gYvg=="
    "resolved" "https://registry.npmjs.org/mime-db/-/mime-db-1.52.0.tgz"
    "version" "1.52.0"
  
  "mime-types@^2.1.12":
    "integrity" "sha512-ZDY+bPm5zTTF+YpCrAU9nK0UgICYPT0QtT1NZWFv4s++TNkcgVaT0g6+4R2uI4MjQjzysHB1zxuWL50hzaeXiw=="
    "resolved" "https://registry.npmjs.org/mime-types/-/mime-types-2.1.35.tgz"
    "version" "2.1.35"
    dependencies:
      "mime-db" "1.52.0"
  
  "node-fetch@^2.6.7":
    "integrity" "sha512-RZ6dBYuj8dRSfxpUSu+NsdF1dpPpluJxwOp+6IoDp/sH2QNDSvurYsAa+F1WxY2RjA1iP93xhcsUoYbF2XBqVg=="
    "resolved" "https://registry.npmjs.org/node-fetch/-/node-fetch-2.6.8.tgz"
    "version" "2.6.8"
    dependencies:
      "whatwg-url" "^5.0.0"
  
  "once@^1.4.0":
    "integrity" "sha512-lNaJgI+2Q5URQBkccEKHTQOPaXdUxnZZElQTZY0MFUAuaEqe1E+Nyvgdz/aIyNi6Z9MzO5dv1H8n58/GELp3+w=="
    "resolved" "https://registry.npmjs.org/once/-/once-1.4.0.tgz"
    "version" "1.4.0"
    dependencies:
      "wrappy" "1"
  
  "proxy-from-env@^1.1.0":
    "integrity" "sha512-D+zkORCbA9f1tdWRK0RaCR3GPv50cMxcrz4X8k5LTSUD1Dkw47mKJEZQNunItRTkWwgtaUSo1RVFRIG9ZXiFYg=="
    "resolved" "https://registry.npmjs.org/proxy-from-env/-/proxy-from-env-1.1.0.tgz"
    "version" "1.1.0"
  
  "tr46@~0.0.3":
    "integrity" "sha512-N3WMsuqV66lT30CrXNbEjx4GEwlow3v6rr4mCcv6prnfwhS01rkgyFdjPNBYd9br7LpXV1+Emh01fHnq2Gdgrw=="
    "resolved" "https://registry.npmjs.org/tr46/-/tr46-0.0.3.tgz"
    "version" "0.0.3"
  
  "tunnel@^0.0.6":
    "integrity" "sha512-1h/Lnq9yajKY2PEbBadPXj3VxsDDu844OnaAo52UVmIzIvwwtBPIuNvkjuzBlTWpfJyUbG3ez0KSBibQkj4ojg=="
    "resolved" "https://registry.npmjs.org/tunnel/-/tunnel-0.0.6.tgz"
    "version" "0.0.6"
  
  "universal-user-agent@^6.0.0":
    "integrity" "sha512-isyNax3wXoKaulPDZWHQqbmIx1k2tb9fb3GGDBRxCscfYV2Ch7WxPArBsFEG8s/safwXTT7H4QGhaIkTp9447w=="
    "resolved" "https://registry.npmjs.org/universal-user-agent/-/universal-user-agent-6.0.0.tgz"
    "version" "6.0.0"
  
  "uuid@^8.3.2":
    "integrity" "sha512-+NYs2QeMWy+GWFOEm9xnn6HCDp0l7QBD7ml8zLUmJ+93Q5NF0NocErnwkTkXVFNiX3/fpC6afS8Dhb/gz7R7eg=="
    "resolved" "https://registry.npmjs.org/uuid/-/uuid-8.3.2.tgz"
    "version" "8.3.2"
  
  "webidl-conversions@^3.0.0":
    "integrity" "sha512-2JAn3z8AR6rjK8Sm8orRC0h/bcl/DqL7tRPdGZ4I1CjdF+EaMLmYxBHyXuKL849eucPFhvBoxMsflfOb8kxaeQ=="
    "resolved" "https://registry.npmjs.org/webidl-conversions/-/webidl-conversions-3.0.1.tgz"
    "version" "3.0.1"
  
  "whatwg-url@^5.0.0":
    "integrity" "sha512-saE57nupxk6v3HY35+jzBwYa0rKSy0XR8JSxZPwgLr7ys0IBzhGviA1/TUGJLmSVqs8pb9AnvICXEuOHLprYTw=="
    "resolved" "https://registry.npmjs.org/whatwg-url/-/whatwg-url-5.0.0.tgz"
    "version" "5.0.0"
    dependencies:
      "tr46" "~0.0.3"
      "webidl-conversions" "^3.0.0"
  
  "wrappy@1":
    "integrity" "sha512-l4Sp/DRseor9wL6EvV2+TuQn63dMkPjZ/sp9XkghTEbV9KlPS1xUsZ3u7/IQO4wxtcFB4bgpQPRcR3QCvezPcQ=="
    "resolved" "https://registry.npmjs.org/wrappy/-/wrappy-1.0.2.tgz"
    "version" "1.0.2"
